{
  "RSpec": {
    "coverage": {
      "/Users/cronin/Dev/Ruby/HaDope/hadope.rb": [
        1,
        null,
        1,
        null,
        1,
        1,
        1,
        null,
        null,
        1,
        null,
        1,
        1,
        1,
        null,
        1,
        1,
        1,
        1,
        1,
        null,
        1,
        1,
        null,
        1,
        1,
        null,
        1,
        null,
        1,
        1,
        1,
        null,
        1,
        1,
        1,
        1,
        1,
        1,
        1,
        null,
        1,
        33,
        null,
        null,
        null,
        null,
        null,
        1,
        null,
        null
      ],
      "/Users/cronin/Dev/Ruby/HaDope/lib/config/features.rb": [
        1,
        1,
        null,
        1,
        1,
        null,
        null,
        1,
        1,
        null,
        null,
        1,
        null,
        1,
        1,
        1,
        null,
        null,
        null,
        null,
        1,
        null,
        null
      ],
      "/Users/cronin/Dev/Ruby/HaDope/lib/modules/cast_access.rb": [
        1,
        1,
        null,
        3,
        3,
        null,
        2,
        null,
        null,
        3,
        3,
        22,
        null,
        17,
        17,
        16,
        null,
        5,
        5,
        null,
        0,
        null,
        null,
        null,
        null,
        null,
        null
      ],
      "/Users/cronin/Dev/Ruby/HaDope/lib/modules/chainable_decorator.rb": [
        1,
        null,
        null,
        null,
        null,
        1,
        null,
        1,
        14,
        14,
        418,
        418,
        null,
        null,
        14,
        null,
        null,
        null,
        1,
        3,
        null,
        null,
        null
      ],
      "/Users/cronin/Dev/Ruby/HaDope/lib/modules/require_type.rb": [
        1,
        null,
        1,
        null,
        1,
        7,
        7,
        30,
        30,
        null,
        null,
        7,
        null,
        null,
        1,
        6,
        6,
        34,
        34,
        null,
        null,
        6,
        null,
        null,
        null,
        null,
        1,
        1,
        null,
        null,
        1,
        30,
        null,
        null,
        1,
        93,
        null,
        null,
        1,
        0,
        0,
        0,
        null,
        0,
        null,
        null,
        null,
        1,
        24,
        null,
        null,
        null
      ],
      "/Users/cronin/Dev/Ruby/HaDope/lib/types/array.rb": [
        2
      ],
      "/Users/cronin/Dev/Ruby/HaDope/lib/types/file.rb": [
        2
      ],
      "/Users/cronin/Dev/Ruby/HaDope/lib/types/fixnum.rb": [
        1,
        1,
        17,
        null,
        null
      ],
      "/Users/cronin/Dev/Ruby/HaDope/lib/types/float.rb": [
        1,
        1,
        4,
        null,
        null
      ],
      "/Users/cronin/Dev/Ruby/HaDope/lib/types/range.rb": [
        2
      ],
      "/Users/cronin/Dev/Ruby/HaDope/lib/types/int.rb": [
        1,
        1,
        15,
        null,
        null
      ],
      "/Users/cronin/Dev/Ruby/HaDope/lib/types/double.rb": [
        1,
        1,
        3,
        null,
        null
      ],
      "/Users/cronin/Dev/Ruby/HaDope/lib/code_generation/task_kernel_generator.rb": [
        1,
        null,
        1,
        25,
        11,
        11,
        2,
        null,
        1,
        null,
        null,
        null,
        1,
        null,
        1,
        null,
        11,
        null,
        null,
        null,
        null,
        null,
        null,
        null,
        null,
        null,
        null,
        1,
        null,
        11,
        null,
        null,
        null,
        null,
        null,
        null,
        null,
        null,
        null,
        null,
        1,
        null,
        2,
        null,
        null,
        null,
        null,
        null,
        null,
        null,
        null,
        null,
        null,
        null,
        null,
        null,
        null
      ],
      "/Users/cronin/Dev/Ruby/HaDope/lib/parsing/lambda_bytecode_parser.rb": [
        1,
        1,
        null,
        null,
        null,
        null,
        null,
        null,
        null,
        null,
        null,
        null,
        null,
        null,
        null,
        1,
        51,
        null,
        null,
        1,
        2,
        null,
        null,
        1,
        203,
        null,
        null,
        1,
        31,
        31,
        31,
        98,
        31,
        5,
        null,
        62,
        31,
        null,
        31,
        null,
        null,
        null,
        null,
        30,
        null,
        null,
        1,
        null,
        1,
        155,
        null,
        34,
        null,
        null,
        2,
        null,
        null,
        null,
        1,
        1,
        1,
        null,
        null,
        null,
        0,
        0,
        null,
        null,
        12,
        null,
        null,
        22,
        null,
        null,
        4,
        null,
        null,
        23,
        null,
        null,
        7,
        null,
        null,
        49,
        1,
        null,
        null,
        null,
        1,
        1,
        null,
        null,
        1,
        5,
        3,
        1,
        1,
        null,
        null,
        null,
        1,
        31,
        null,
        null,
        1,
        62,
        57,
        5,
        null,
        null,
        null,
        1,
        62,
        null,
        null,
        1,
        49,
        null,
        null,
        null
      ],
      "/Users/cronin/Dev/Ruby/HaDope/lib/logging/logger.rb": [
        1,
        1,
        null,
        1,
        null,
        1,
        1,
        1,
        null,
        1,
        1,
        null,
        1,
        2,
        null,
        null,
        null,
        1,
        1,
        1,
        1,
        1,
        null,
        null,
        1,
        1,
        null,
        null,
        1,
        2,
        null,
        null,
        1,
        107,
        null,
        null,
        1,
        320,
        320,
        320,
        null,
        null,
        null,
        null,
        1,
        null,
        null
      ],
      "/Users/cronin/Dev/Ruby/HaDope/lib/devices/cpu.rb": [
        1,
        null,
        1,
        1,
        null,
        1,
        1,
        1,
        null,
        null,
        null,
        null
      ],
      "/Users/cronin/Dev/Ruby/HaDope/lib/devices/device.rb": [
        1,
        1,
        1,
        null,
        1,
        1,
        1,
        null,
        1,
        44,
        null,
        null,
        1,
        1,
        null,
        1,
        66,
        null,
        null,
        null,
        1,
        1,
        null,
        null,
        1,
        1,
        1,
        15,
        15,
        null,
        null,
        null,
        1,
        1,
        1,
        19,
        19,
        19,
        null,
        null,
        null,
        1,
        null,
        1,
        6,
        5,
        5,
        null,
        null,
        1,
        19,
        null,
        null,
        1,
        15,
        null,
        15,
        null,
        14,
        null,
        0,
        null,
        1,
        null,
        0,
        null,
        15,
        15,
        null,
        15,
        null,
        null,
        1,
        24,
        24,
        null,
        0,
        null,
        null,
        null,
        1,
        null,
        0,
        0,
        null,
        null,
        1,
        null,
        28,
        null,
        null,
        1,
        null,
        0,
        0,
        null,
        null,
        1,
        null,
        4,
        null,
        1,
        null,
        1,
        0,
        0,
        0,
        null,
        0,
        null,
        null,
        null,
        1,
        null,
        0,
        null,
        null,
        1,
        null,
        null,
        null,
        1,
        1,
        null,
        1,
        1,
        null,
        null,
        1,
        null,
        1,
        1,
        1,
        null,
        null,
        1,
        14,
        14,
        14,
        14,
        null,
        0,
        null,
        null,
        null,
        1,
        9,
        9,
        9,
        9,
        null,
        0,
        null,
        null,
        null,
        1,
        1,
        null,
        1,
        0,
        0,
        0,
        null,
        0,
        null,
        null,
        null,
        1,
        19,
        19,
        null,
        0,
        null,
        null,
        19,
        19,
        19,
        null,
        null,
        1,
        null,
        23,
        null,
        null,
        1,
        null,
        0,
        null,
        null,
        1,
        null,
        4,
        null,
        null,
        1,
        null,
        1,
        1,
        1,
        1,
        null,
        null,
        1,
        1,
        1,
        1,
        1,
        1,
        1,
        1,
        null,
        0,
        null,
        null,
        null,
        1,
        null,
        1,
        5,
        null,
        null,
        1,
        9,
        9,
        9,
        null,
        null,
        1,
        1,
        1,
        1,
        null,
        null,
        1,
        9,
        9,
        9,
        9,
        null,
        null,
        1,
        1,
        1,
        1,
        null,
        null,
        1,
        0,
        0,
        0,
        null,
        0,
        null,
        0,
        0,
        0,
        null,
        0,
        null,
        null,
        null,
        1,
        20,
        1,
        9,
        9,
        1,
        0,
        0,
        null,
        null,
        20,
        null,
        null,
        15,
        16,
        12,
        12,
        null,
        16,
        16,
        null,
        null,
        1,
        33,
        33,
        null,
        null,
        1,
        27,
        9,
        null,
        18,
        18,
        null,
        null,
        null,
        null,
        null,
        null
      ],
      "/Users/cronin/Dev/Ruby/HaDope/lib/devices/gpu.rb": [
        1,
        null,
        1,
        1,
        null,
        1,
        1,
        1,
        null,
        null,
        null,
        null
      ],
      "/Users/cronin/Dev/Ruby/HaDope/lib/devices/hybrid_device.rb": [
        1,
        null,
        1,
        1,
        null,
        1,
        null,
        null,
        null,
        null,
        null,
        1,
        0,
        null,
        null,
        1,
        1,
        null,
        1,
        0,
        null,
        null,
        null,
        1,
        0,
        0,
        0,
        0,
        null,
        null,
        1,
        0,
        null,
        null,
        1,
        null,
        1,
        0,
        0,
        0,
        null,
        null,
        1,
        0,
        0,
        0,
        0,
        0,
        0,
        null,
        null,
        null,
        1,
        1,
        null,
        1,
        0,
        null,
        0,
        null,
        null,
        null,
        1,
        0,
        null,
        0,
        null,
        null,
        null,
        1,
        0,
        null,
        0,
        0,
        null,
        null,
        null,
        1,
        0,
        null,
        null,
        1,
        0,
        0,
        0,
        0,
        0,
        null,
        null,
        1,
        0,
        null,
        0,
        0,
        0,
        null,
        null,
        0,
        null,
        null,
        null,
        null,
        null
      ],
      "/Users/cronin/Dev/Ruby/HaDope/lib/tasks/taskqueue.rb": [
        1,
        1,
        1,
        1,
        null,
        1,
        null,
        1,
        null,
        1,
        14,
        null,
        null,
        1,
        24,
        24,
        64,
        null,
        41,
        41,
        null,
        17,
        null,
        null,
        9,
        null,
        null,
        2,
        null,
        null,
        1,
        null,
        null,
        7,
        null,
        null,
        5,
        null,
        null,
        null,
        24,
        null,
        null,
        null,
        null
      ],
      "/Users/cronin/Dev/Ruby/HaDope/lib/tasks/map.rb": [
        1,
        null,
        1,
        1,
        null,
        1,
        null,
        1,
        61,
        61,
        61,
        61,
        61,
        null,
        null,
        1,
        19,
        19,
        17,
        null,
        2,
        2,
        null,
        19,
        null,
        null,
        1,
        11,
        null,
        null,
        1,
        11,
        null,
        null,
        1,
        11,
        null,
        null,
        null,
        null,
        1,
        null,
        null
      ],
      "/Users/cronin/Dev/Ruby/HaDope/lib/tasks/task.rb": [
        1,
        1,
        1,
        null,
        1,
        null,
        1,
        null,
        1,
        97,
        96,
        96,
        96,
        96,
        null,
        null,
        1,
        20,
        null,
        null,
        1,
        27,
        null,
        null,
        1,
        136,
        136,
        136,
        136,
        136,
        null,
        null,
        1,
        119,
        null,
        null,
        1,
        168,
        82,
        null,
        null,
        1,
        161,
        null,
        null,
        1,
        50,
        null,
        null,
        1,
        22,
        null,
        null,
        null,
        null,
        null
      ],
      "/Users/cronin/Dev/Ruby/HaDope/lib/tasks/filter.rb": [
        1,
        null,
        1,
        1,
        null,
        1,
        null,
        1,
        29,
        29,
        29,
        29,
        null,
        null,
        1,
        11,
        null,
        null,
        1,
        2,
        null,
        null,
        1,
        2,
        null,
        null,
        1,
        2,
        null,
        null,
        null,
        null
      ],
      "/Users/cronin/Dev/Ruby/HaDope/lib/tasks/mappingfilter.rb": [
        1,
        1,
        1,
        null,
        1,
        13,
        13,
        null,
        13,
        13,
        13,
        null,
        13,
        10,
        10,
        2,
        2,
        null,
        null,
        null,
        13,
        3,
        3,
        2,
        2,
        null,
        null,
        null,
        13,
        13,
        null,
        null,
        1,
        56,
        null,
        null,
        1,
        1,
        1,
        0,
        null,
        1,
        1,
        null,
        1,
        1,
        null,
        null,
        1,
        7,
        7,
        6,
        null,
        1,
        1,
        null,
        7,
        7,
        null,
        null,
        1,
        9,
        null,
        null,
        1,
        null,
        null,
        9,
        null,
        null,
        null,
        null,
        null
      ],
      "/Users/cronin/Dev/Ruby/HaDope/lib/tasks/braid.rb": [
        1,
        null,
        1,
        1,
        null,
        1,
        null,
        1,
        2,
        2,
        2,
        2,
        null,
        null,
        1,
        2,
        null,
        null,
        1,
        2,
        null,
        null,
        1,
        2,
        null,
        null,
        1,
        2,
        null,
        null,
        null,
        null
      ],
      "/Users/cronin/Dev/Ruby/HaDope/lib/tasks/scan.rb": [
        1,
        1,
        null,
        1,
        13,
        13,
        13,
        13,
        13,
        13,
        null,
        null,
        1,
        1,
        null,
        null,
        1,
        null,
        null,
        null,
        12,
        null,
        null,
        null,
        null,
        null,
        null,
        null,
        null,
        null,
        null,
        null,
        null,
        null,
        null,
        null,
        null,
        null,
        null,
        null,
        null,
        null,
        null,
        null,
        null,
        null,
        null,
        null,
        null,
        null,
        null,
        null,
        null,
        null,
        null,
        null,
        null,
        null,
        null,
        null,
        null,
        null,
        null,
        null,
        null,
        null,
        null,
        null,
        null,
        null,
        null,
        null,
        null,
        null,
        null,
        null,
        null,
        null,
        null,
        null,
        null,
        null,
        null,
        null,
        null,
        null,
        null,
        null,
        null,
        null,
        null,
        null,
        null,
        null,
        null,
        null,
        null,
        null,
        null,
        null,
        null,
        null,
        null,
        null,
        null,
        null,
        null,
        null,
        null,
        null,
        null,
        null,
        null,
        null,
        null,
        null,
        null,
        null,
        null,
        null,
        null,
        null,
        null,
        null,
        null,
        null,
        null,
        null,
        null,
        null,
        null,
        null,
        null,
        null,
        null,
        null,
        null,
        null,
        null,
        null,
        null,
        null,
        null,
        null,
        null,
        null,
        null,
        null,
        null,
        null,
        null,
        null,
        null,
        null,
        null,
        null,
        null,
        null,
        null,
        null,
        null,
        null,
        null,
        null,
        null,
        null,
        null,
        null,
        null,
        null,
        null,
        null,
        null,
        null,
        null,
        null,
        null,
        null,
        null,
        null,
        null,
        null,
        null,
        null,
        null,
        null,
        null,
        null,
        null,
        null,
        null,
        null,
        null,
        null,
        null,
        null,
        null,
        null,
        null,
        null,
        null,
        null,
        null,
        null,
        null,
        null,
        null,
        null,
        null,
        null,
        null,
        null,
        null,
        null,
        null,
        null,
        null,
        null,
        null,
        null,
        null,
        null,
        null,
        null,
        null,
        null,
        null,
        null,
        null,
        null,
        null,
        null,
        null,
        null,
        null,
        null,
        null,
        null,
        null,
        null,
        null,
        null,
        null,
        null,
        null,
        null,
        null,
        null,
        null,
        null,
        null,
        null,
        null,
        null,
        null,
        null,
        null,
        null,
        null,
        null,
        null,
        null,
        null,
        null,
        null,
        null,
        null,
        null,
        null,
        null,
        null,
        null,
        null,
        null,
        null,
        null,
        null,
        null,
        null,
        null,
        null,
        null,
        null,
        null,
        null,
        null,
        null,
        null,
        null,
        null,
        null,
        null,
        null,
        null,
        null,
        null,
        null,
        null,
        null,
        null,
        null,
        null,
        null,
        null,
        null,
        null,
        null,
        null,
        null,
        null,
        null,
        null,
        null,
        null,
        null,
        null,
        null,
        null,
        null,
        null,
        null,
        null,
        null,
        null,
        null,
        null,
        null,
        null,
        null,
        null,
        null,
        null,
        null,
        null,
        null,
        null,
        null,
        null,
        null,
        null,
        null
      ],
      "/Users/cronin/Dev/Ruby/HaDope/lib/tasks/sort.rb": [
        1,
        1,
        1,
        null,
        1,
        1,
        null,
        null,
        1,
        null,
        null,
        null,
        null,
        null,
        null,
        null,
        null,
        null,
        null,
        null,
        null,
        null,
        null,
        null,
        null,
        null,
        null,
        null,
        null,
        null,
        null,
        null,
        null,
        null,
        null,
        null,
        null,
        null,
        null,
        null,
        null,
        null,
        null,
        null,
        null,
        null,
        null,
        null,
        null,
        null,
        null,
        null,
        null,
        null,
        null,
        null,
        null,
        null,
        null,
        null,
        null,
        null,
        null,
        null,
        null,
        null,
        null,
        null,
        null,
        null,
        null,
        null,
        null,
        null,
        null,
        null,
        null,
        null,
        null,
        null,
        null,
        null,
        null,
        null,
        null,
        null,
        null,
        null,
        null,
        null,
        null,
        null,
        null,
        null,
        null,
        null,
        null,
        null,
        null,
        null,
        null,
        null,
        null,
        null,
        null,
        null,
        null,
        null,
        null,
        null,
        null,
        null,
        null,
        null,
        null,
        null,
        null,
        null,
        null,
        null,
        null,
        null,
        null,
        null,
        null,
        1,
        null,
        null,
        null,
        null,
        null,
        null,
        null,
        null,
        null,
        null,
        null,
        null,
        null,
        null,
        null,
        null,
        null,
        null,
        null,
        null,
        null,
        null,
        null,
        null,
        null,
        null,
        null,
        null,
        null,
        null,
        null,
        null,
        null,
        null,
        null,
        null,
        null,
        null,
        null,
        null,
        null,
        null
      ],
      "/Users/cronin/Dev/Ruby/HaDope/spec/lib/code_generation/task_kernel_generator_spec.rb": [
        1,
        null,
        1,
        null,
        1,
        1,
        2,
        null,
        null,
        1,
        1,
        1,
        2,
        null,
        null,
        null,
        1,
        1,
        1,
        2,
        null,
        null,
        null,
        1,
        1,
        2,
        null,
        null,
        null,
        1,
        1,
        1,
        2,
        null,
        null,
        null,
        1,
        1,
        1,
        2,
        null,
        null,
        null,
        1,
        1,
        1,
        1,
        1,
        2,
        null,
        null,
        null
      ],
      "/Users/cronin/Dev/Ruby/HaDope/spec/lib/devices/cpu_spec.rb": [
        1,
        null,
        1,
        null,
        1,
        1,
        1,
        null,
        null,
        1,
        2,
        null,
        null,
        1,
        2,
        null,
        null,
        1,
        1,
        2,
        1,
        null,
        null,
        1,
        1,
        2,
        1,
        null,
        null,
        1,
        1,
        1,
        null,
        null
      ],
      "/Users/cronin/Dev/Ruby/HaDope/spec/lib/devices/device_spec.rb": [
        1,
        null,
        1,
        null,
        1,
        1,
        2,
        null,
        null,
        1,
        1,
        null,
        null,
        1,
        1,
        null,
        null,
        1,
        1,
        1,
        null,
        null,
        1,
        1,
        1,
        null,
        2,
        2,
        2,
        null,
        2,
        1,
        null,
        null,
        null,
        1,
        1,
        null,
        1,
        null,
        null,
        1,
        1,
        1,
        1,
        null,
        null,
        1,
        null,
        null,
        1,
        1,
        1,
        null,
        null,
        1,
        1,
        1,
        3,
        null,
        null,
        1,
        1,
        1,
        null,
        null,
        1,
        1,
        1,
        null,
        null,
        null
      ],
      "/Users/cronin/Dev/Ruby/HaDope/spec/lib/devices/gpu_spec.rb": [
        1,
        null,
        1,
        null,
        1,
        1,
        1,
        null,
        null,
        1,
        2,
        null,
        null,
        1,
        2,
        null,
        null,
        1,
        1,
        2,
        1,
        null,
        null,
        1,
        1,
        2,
        1,
        null,
        null,
        1,
        1,
        1,
        null,
        null
      ],
      "/Users/cronin/Dev/Ruby/HaDope/spec/lib/logging/logger_spec.rb": [
        1,
        null,
        1,
        null,
        1,
        1,
        1,
        null,
        null,
        1,
        2,
        null,
        null,
        1,
        2,
        null,
        null
      ],
      "/Users/cronin/Dev/Ruby/HaDope/spec/lib/parsing/lambda_bytecode_parser_spec.rb": [
        1,
        null,
        1,
        null,
        1,
        1,
        2,
        null,
        null,
        1,
        1,
        11,
        11,
        null,
        null,
        null,
        1,
        1,
        null,
        null,
        1,
        1,
        null,
        null,
        1,
        1,
        1,
        null,
        null,
        1,
        2,
        null,
        null,
        1,
        1,
        1,
        null,
        null,
        null,
        1,
        1,
        1,
        1,
        null,
        1,
        null,
        null,
        1,
        1,
        1,
        1,
        null,
        null,
        null,
        1,
        1,
        1,
        1,
        2,
        null,
        null,
        1,
        1,
        1,
        1,
        null,
        null,
        null
      ],
      "/Users/cronin/Dev/Ruby/HaDope/spec/lib/tasks/filter_spec.rb": [
        1,
        null,
        1,
        null,
        1,
        1,
        2,
        null,
        null,
        1,
        2,
        null,
        null
      ],
      "/Users/cronin/Dev/Ruby/HaDope/spec/lib/tasks/map_spec.rb": [
        1,
        null,
        1,
        null,
        1,
        1,
        2,
        null,
        null,
        1,
        2,
        null,
        null,
        1,
        2,
        null,
        null,
        1,
        1,
        1,
        1,
        null,
        null,
        1,
        1,
        1,
        null,
        null,
        null
      ],
      "/Users/cronin/Dev/Ruby/HaDope/spec/lib/tasks/scan_spec.rb": [
        1,
        null,
        1,
        null,
        1,
        1,
        1,
        1,
        1,
        null,
        null,
        null
      ],
      "/Users/cronin/Dev/Ruby/HaDope/spec/lib/tasks/task_spec.rb": [
        1,
        null,
        1,
        null,
        1,
        1,
        2,
        null,
        null,
        1,
        1,
        1,
        1,
        1,
        1,
        null,
        1,
        1,
        null,
        null,
        1,
        1,
        1,
        1,
        null,
        1,
        1,
        null,
        1,
        1,
        null,
        null
      ],
      "/Users/cronin/Dev/Ruby/HaDope/spec/lib/tasks/taskqueue_spec.rb": [
        1,
        null,
        1,
        null,
        1,
        1,
        1,
        1,
        null,
        null,
        1,
        1,
        2,
        null,
        null,
        1,
        1,
        1,
        1,
        1,
        null,
        1,
        1,
        1,
        1,
        1,
        1,
        null,
        null,
        1,
        null,
        null,
        1,
        1,
        1,
        1,
        1,
        1,
        null,
        null,
        null,
        1,
        1,
        1,
        1,
        1,
        1,
        1,
        1,
        1,
        null,
        null,
        1,
        1,
        1,
        1,
        1,
        1,
        null,
        null,
        null,
        1,
        1,
        1,
        1,
        1,
        1,
        1,
        1,
        1,
        null,
        null,
        1,
        1,
        1,
        1,
        1,
        1,
        null,
        null,
        null,
        1,
        1,
        1,
        1,
        1,
        1,
        1,
        1,
        1,
        null,
        null,
        1,
        1,
        1,
        1,
        1,
        1,
        null,
        null,
        null,
        null,
        1,
        1,
        1,
        1,
        1,
        1,
        1,
        null,
        1,
        1,
        1,
        1,
        null,
        null,
        1,
        1,
        1,
        1,
        1,
        null,
        null,
        null,
        1,
        1,
        1,
        1,
        1,
        1,
        1,
        null,
        1,
        1,
        1,
        1,
        null,
        null,
        1,
        1,
        1,
        1,
        null,
        null,
        null,
        null
      ],
      "/Users/cronin/Dev/Ruby/HaDope/spec/lib/types/array_spec.rb": [
        1,
        null,
        1,
        1,
        1,
        1,
        null,
        1,
        1,
        null,
        null,
        1,
        2,
        null,
        null,
        1,
        1,
        1,
        null,
        null
      ],
      "/Users/cronin/Dev/Ruby/HaDope/spec/lib/types/double_spec.rb": [
        1,
        null,
        1,
        1,
        1,
        1,
        null,
        null,
        1,
        null,
        null
      ],
      "/Users/cronin/Dev/Ruby/HaDope/spec/lib/types/fixnum_spec.rb": [
        1,
        null,
        1,
        1,
        1,
        1,
        null,
        null,
        null,
        1,
        null,
        null
      ],
      "/Users/cronin/Dev/Ruby/HaDope/spec/lib/types/float_spec.rb": [
        1,
        null,
        1,
        1,
        1,
        1,
        null,
        null,
        null,
        1,
        null,
        null
      ],
      "/Users/cronin/Dev/Ruby/HaDope/spec/lib/types/int_spec.rb": [
        1,
        null,
        1,
        1,
        1,
        1,
        null,
        null,
        1,
        null,
        null
      ]
    },
    "timestamp": 1393533483
  }
}
